{"C:\\Users\\kesko\\Downloads\\Nova pasta (3)\\Jogo-De-Carta-master\\jogo\\src\\data\\cards.ts": {"path":"C:\\Users\\kesko\\Downloads\\Nova pasta (3)\\Jogo-De-Carta-master\\jogo\\src\\data\\cards.ts","statementMap":{"0":{"start":{"line":3,"column":36},"end":{"line":75,"column":null}}},"fnMap":{},"branchMap":{},"s":{"0":1},"f":{},"b":{},"meta":{"lastBranch":0,"lastFunction":0,"lastStatement":1,"seen":{"s:3:36:75:Infinity":0}}}
,"C:\\Users\\kesko\\Downloads\\Nova pasta (3)\\Jogo-De-Carta-master\\jogo\\src\\factories\\CardFactory.ts": {"path":"C:\\Users\\kesko\\Downloads\\Nova pasta (3)\\Jogo-De-Carta-master\\jogo\\src\\factories\\CardFactory.ts","statementMap":{"0":{"start":{"line":5,"column":4},"end":{"line":9,"column":null}}},"fnMap":{"0":{"name":"criar","decl":{"start":{"line":4,"column":9},"end":{"line":4,"column":15}},"loc":{"start":{"line":4,"column":34},"end":{"line":10,"column":null}},"line":4}},"branchMap":{},"s":{"0":0},"f":{"0":1},"b":{},"meta":{"lastBranch":0,"lastFunction":1,"lastStatement":1,"seen":{"f:4:9:4:15":0,"s:5:4:9:Infinity":0}}}
,"C:\\Users\\kesko\\Downloads\\Nova pasta (3)\\Jogo-De-Carta-master\\jogo\\src\\types\\game.ts": {"path":"C:\\Users\\kesko\\Downloads\\Nova pasta (3)\\Jogo-De-Carta-master\\jogo\\src\\types\\game.ts","statementMap":{"0":{"start":{"line":1,"column":7},"end":{"line":1,"column":null}},"1":{"start":{"line":2,"column":2},"end":{"line":2,"column":null}},"2":{"start":{"line":3,"column":2},"end":{"line":3,"column":null}},"3":{"start":{"line":4,"column":2},"end":{"line":4,"column":null}},"4":{"start":{"line":1,"column":12},"end":{"line":1,"column":null}},"5":{"start":{"line":7,"column":7},"end":{"line":7,"column":null}},"6":{"start":{"line":8,"column":2},"end":{"line":8,"column":null}},"7":{"start":{"line":9,"column":2},"end":{"line":9,"column":null}},"8":{"start":{"line":10,"column":2},"end":{"line":10,"column":null}},"9":{"start":{"line":11,"column":2},"end":{"line":11,"column":null}},"10":{"start":{"line":7,"column":12},"end":{"line":7,"column":null}}},"fnMap":{"0":{"name":"(anonymous_0)","decl":{"start":{"line":1,"column":7},"end":{"line":1,"column":12}},"loc":{"start":{"line":1,"column":7},"end":{"line":1,"column":null}},"line":1},"1":{"name":"(anonymous_1)","decl":{"start":{"line":7,"column":7},"end":{"line":7,"column":12}},"loc":{"start":{"line":7,"column":7},"end":{"line":7,"column":null}},"line":7}},"branchMap":{"0":{"loc":{"start":{"line":1,"column":12},"end":{"line":1,"column":null}},"type":"binary-expr","locations":[{"start":{"line":1,"column":12},"end":{"line":1,"column":null}},{"start":{"line":1,"column":12},"end":{"line":1,"column":null}}],"line":1},"1":{"loc":{"start":{"line":7,"column":12},"end":{"line":7,"column":null}},"type":"binary-expr","locations":[{"start":{"line":7,"column":12},"end":{"line":7,"column":null}},{"start":{"line":7,"column":12},"end":{"line":7,"column":null}}],"line":7}},"s":{"0":1,"1":1,"2":1,"3":1,"4":1,"5":1,"6":1,"7":1,"8":1,"9":1,"10":1},"f":{"0":1,"1":1},"b":{"0":[1,1],"1":[1,1]},"meta":{"lastBranch":2,"lastFunction":2,"lastStatement":11,"seen":{"s:1:7:1:Infinity":0,"f:1:7:1:12":0,"s:2:2:2:Infinity":1,"s:3:2:3:Infinity":2,"s:4:2:4:Infinity":3,"s:1:12:1:Infinity":4,"b:1:12:1:Infinity:1:12:1:Infinity":0,"s:7:7:7:Infinity":5,"f:7:7:7:12":1,"s:8:2:8:Infinity":6,"s:9:2:9:Infinity":7,"s:10:2:10:Infinity":8,"s:11:2:11:Infinity":9,"s:7:12:7:Infinity":10,"b:7:12:7:Infinity:7:12:7:Infinity":1}}}
,"C:\\Users\\kesko\\Downloads\\Nova pasta (3)\\Jogo-De-Carta-master\\jogo\\src\\utils\\gameLogic.ts": {"path":"C:\\Users\\kesko\\Downloads\\Nova pasta (3)\\Jogo-De-Carta-master\\jogo\\src\\utils\\gameLogic.ts","statementMap":{"0":{"start":{"line":6,"column":29},"end":{"line":6,"column":null}},"1":{"start":{"line":8,"column":2},"end":{"line":14,"column":null}},"2":{"start":{"line":8,"column":15},"end":{"line":8,"column":46}},"3":{"start":{"line":9,"column":14},"end":{"line":9,"column":null}},"4":{"start":{"line":10,"column":4},"end":{"line":13,"column":null}},"5":{"start":{"line":16,"column":2},"end":{"line":16,"column":null}},"6":{"start":{"line":20,"column":2},"end":{"line":20,"column":null}},"7":{"start":{"line":24,"column":29},"end":{"line":24,"column":null}},"8":{"start":{"line":26,"column":22},"end":{"line":28,"column":null}},"9":{"start":{"line":30,"column":18},"end":{"line":32,"column":null}},"10":{"start":{"line":34,"column":2},"end":{"line":34,"column":null}},"11":{"start":{"line":38,"column":2},"end":{"line":40,"column":null}},"12":{"start":{"line":39,"column":4},"end":{"line":39,"column":null}},"13":{"start":{"line":42,"column":20},"end":{"line":42,"column":null}},"14":{"start":{"line":44,"column":2},"end":{"line":48,"column":null}},"15":{"start":{"line":54,"column":35},"end":{"line":54,"column":null}},"16":{"start":{"line":56,"column":28},"end":{"line":56,"column":null}},"17":{"start":{"line":57,"column":24},"end":{"line":57,"column":null}},"18":{"start":{"line":59,"column":26},"end":{"line":68,"column":null}},"19":{"start":{"line":70,"column":22},"end":{"line":79,"column":null}},"20":{"start":{"line":81,"column":2},"end":{"line":88,"column":null}},"21":{"start":{"line":92,"column":2},"end":{"line":92,"column":null}},"22":{"start":{"line":96,"column":2},"end":{"line":96,"column":null}},"23":{"start":{"line":100,"column":26},"end":{"line":100,"column":null}},"24":{"start":{"line":102,"column":2},"end":{"line":105,"column":null}},"25":{"start":{"line":113,"column":28},"end":{"line":113,"column":null}},"26":{"start":{"line":115,"column":24},"end":{"line":115,"column":null}},"27":{"start":{"line":116,"column":24},"end":{"line":116,"column":null}},"28":{"start":{"line":118,"column":2},"end":{"line":120,"column":null}},"29":{"start":{"line":119,"column":4},"end":{"line":119,"column":null}},"30":{"start":{"line":122,"column":30},"end":{"line":122,"column":null}},"31":{"start":{"line":124,"column":40},"end":{"line":127,"column":null}},"32":{"start":{"line":129,"column":2},"end":{"line":134,"column":null}},"33":{"start":{"line":132,"column":6},"end":{"line":132,"column":null}},"34":{"start":{"line":136,"column":2},"end":{"line":182,"column":null}},"35":{"start":{"line":137,"column":4},"end":{"line":152,"column":null}},"36":{"start":{"line":138,"column":23},"end":{"line":138,"column":null}},"37":{"start":{"line":140,"column":6},"end":{"line":143,"column":null}},"38":{"start":{"line":145,"column":6},"end":{"line":151,"column":null}},"39":{"start":{"line":146,"column":8},"end":{"line":150,"column":null}},"40":{"start":{"line":154,"column":22},"end":{"line":154,"column":null}},"41":{"start":{"line":156,"column":29},"end":{"line":156,"column":null}},"42":{"start":{"line":158,"column":31},"end":{"line":158,"column":null}},"43":{"start":{"line":160,"column":4},"end":{"line":165,"column":null}},"44":{"start":{"line":161,"column":6},"end":{"line":164,"column":null}},"45":{"start":{"line":167,"column":4},"end":{"line":174,"column":null}},"46":{"start":{"line":171,"column":10},"end":{"line":171,"column":null}},"47":{"start":{"line":173,"column":25},"end":{"line":173,"column":46}},"48":{"start":{"line":176,"column":4},"end":{"line":181,"column":null}},"49":{"start":{"line":179,"column":23},"end":{"line":179,"column":76}},"50":{"start":{"line":180,"column":25},"end":{"line":180,"column":46}},"51":{"start":{"line":184,"column":2},"end":{"line":196,"column":null}},"52":{"start":{"line":185,"column":4},"end":{"line":189,"column":null}},"53":{"start":{"line":191,"column":4},"end":{"line":195,"column":null}},"54":{"start":{"line":198,"column":2},"end":{"line":198,"column":null}},"55":{"start":{"line":202,"column":25},"end":{"line":202,"column":null}},"56":{"start":{"line":203,"column":23},"end":{"line":203,"column":null}},"57":{"start":{"line":205,"column":2},"end":{"line":207,"column":null}},"58":{"start":{"line":206,"column":4},"end":{"line":206,"column":null}},"59":{"start":{"line":209,"column":30},"end":{"line":209,"column":null}},"60":{"start":{"line":211,"column":2},"end":{"line":273,"column":null}},"61":{"start":{"line":212,"column":33},"end":{"line":212,"column":null}},"62":{"start":{"line":214,"column":32},"end":{"line":225,"column":null}},"63":{"start":{"line":217,"column":52},"end":{"line":217,"column":69}},"64":{"start":{"line":227,"column":4},"end":{"line":230,"column":null}},"65":{"start":{"line":232,"column":28},"end":{"line":232,"column":null}},"66":{"start":{"line":234,"column":37},"end":{"line":238,"column":null}},"67":{"start":{"line":237,"column":52},"end":{"line":237,"column":69}},"68":{"start":{"line":240,"column":38},"end":{"line":242,"column":null}},"69":{"start":{"line":244,"column":4},"end":{"line":249,"column":null}},"70":{"start":{"line":245,"column":6},"end":{"line":248,"column":null}},"71":{"start":{"line":251,"column":32},"end":{"line":251,"column":null}},"72":{"start":{"line":253,"column":4},"end":{"line":258,"column":null}},"73":{"start":{"line":254,"column":6},"end":{"line":257,"column":null}},"74":{"start":{"line":260,"column":4},"end":{"line":266,"column":null}},"75":{"start":{"line":261,"column":6},"end":{"line":265,"column":null}},"76":{"start":{"line":268,"column":4},"end":{"line":272,"column":null}},"77":{"start":{"line":275,"column":2},"end":{"line":275,"column":null}},"78":{"start":{"line":279,"column":23},"end":{"line":279,"column":null}},"79":{"start":{"line":281,"column":4},"end":{"line":281,"column":null}},"80":{"start":{"line":283,"column":20},"end":{"line":283,"column":null}},"81":{"start":{"line":284,"column":16},"end":{"line":284,"column":null}},"82":{"start":{"line":286,"column":2},"end":{"line":310,"column":null}},"83":{"start":{"line":287,"column":27},"end":{"line":287,"column":null}},"84":{"start":{"line":289,"column":4},"end":{"line":297,"column":null}},"85":{"start":{"line":293,"column":60},"end":{"line":296,"column":8}},"86":{"start":{"line":299,"column":27},"end":{"line":299,"column":null}},"87":{"start":{"line":301,"column":4},"end":{"line":309,"column":null}},"88":{"start":{"line":305,"column":56},"end":{"line":308,"column":8}},"89":{"start":{"line":312,"column":2},"end":{"line":320,"column":null}}},"fnMap":{"0":{"name":"embaralharCartas","decl":{"start":{"line":5,"column":16},"end":{"line":5,"column":33}},"loc":{"start":{"line":5,"column":57},"end":{"line":17,"column":null}},"line":5},"1":{"name":"criarCartaComVidaCompleta","decl":{"start":{"line":19,"column":16},"end":{"line":19,"column":42}},"loc":{"start":{"line":19,"column":61},"end":{"line":21,"column":null}},"line":19},"2":{"name":"distribuirCartas","decl":{"start":{"line":23,"column":16},"end":{"line":23,"column":77}},"loc":{"start":{"line":23,"column":77},"end":{"line":35,"column":null}},"line":23},"3":{"name":"comprarCarta","decl":{"start":{"line":37,"column":16},"end":{"line":37,"column":29}},"loc":{"start":{"line":37,"column":53},"end":{"line":49,"column":null}},"line":37},"4":{"name":"inicializarJogo","decl":{"start":{"line":51,"column":16},"end":{"line":51,"column":null}},"loc":{"start":{"line":53,"column":13},"end":{"line":89,"column":null}},"line":53},"5":{"name":"podeAtacarVida","decl":{"start":{"line":91,"column":16},"end":{"line":91,"column":31}},"loc":{"start":{"line":91,"column":77},"end":{"line":93,"column":null}},"line":91},"6":{"name":"podeAtacar","decl":{"start":{"line":95,"column":16},"end":{"line":95,"column":27}},"loc":{"start":{"line":95,"column":49},"end":{"line":97,"column":null}},"line":95},"7":{"name":"aplicarDano","decl":{"start":{"line":99,"column":16},"end":{"line":99,"column":28}},"loc":{"start":{"line":99,"column":61},"end":{"line":106,"column":null}},"line":99},"8":{"name":"executarAtaque","decl":{"start":{"line":108,"column":16},"end":{"line":108,"column":null}},"loc":{"start":{"line":112,"column":13},"end":{"line":199,"column":null}},"line":112},"9":{"name":"(anonymous_9)","decl":{"start":{"line":131,"column":49},"end":{"line":131,"column":null}},"loc":{"start":{"line":132,"column":6},"end":{"line":132,"column":null}},"line":132},"10":{"name":"(anonymous_10)","decl":{"start":{"line":170,"column":13},"end":{"line":170,"column":null}},"loc":{"start":{"line":171,"column":10},"end":{"line":171,"column":null}},"line":171},"11":{"name":"(anonymous_11)","decl":{"start":{"line":173,"column":16},"end":{"line":173,"column":25}},"loc":{"start":{"line":173,"column":25},"end":{"line":173,"column":46}},"line":173},"12":{"name":"(anonymous_12)","decl":{"start":{"line":179,"column":13},"end":{"line":179,"column":23}},"loc":{"start":{"line":179,"column":23},"end":{"line":179,"column":76}},"line":179},"13":{"name":"(anonymous_13)","decl":{"start":{"line":180,"column":16},"end":{"line":180,"column":25}},"loc":{"start":{"line":180,"column":25},"end":{"line":180,"column":46}},"line":180},"14":{"name":"jogarCarta","decl":{"start":{"line":201,"column":16},"end":{"line":201,"column":27}},"loc":{"start":{"line":201,"column":70},"end":{"line":276,"column":null}},"line":201},"15":{"name":"(anonymous_15)","decl":{"start":{"line":217,"column":47},"end":{"line":217,"column":52}},"loc":{"start":{"line":217,"column":52},"end":{"line":217,"column":69}},"line":217},"16":{"name":"(anonymous_16)","decl":{"start":{"line":237,"column":47},"end":{"line":237,"column":52}},"loc":{"start":{"line":237,"column":52},"end":{"line":237,"column":69}},"line":237},"17":{"name":"passarTurno","decl":{"start":{"line":278,"column":16},"end":{"line":278,"column":28}},"loc":{"start":{"line":278,"column":58},"end":{"line":321,"column":null}},"line":278},"18":{"name":"(anonymous_18)","decl":{"start":{"line":293,"column":50},"end":{"line":293,"column":60}},"loc":{"start":{"line":293,"column":60},"end":{"line":296,"column":8}},"line":293},"19":{"name":"(anonymous_19)","decl":{"start":{"line":305,"column":46},"end":{"line":305,"column":56}},"loc":{"start":{"line":305,"column":56},"end":{"line":308,"column":8}},"line":305}},"branchMap":{"0":{"loc":{"start":{"line":38,"column":2},"end":{"line":40,"column":null}},"type":"if","locations":[{"start":{"line":38,"column":2},"end":{"line":40,"column":null}},{"start":{},"end":{}}],"line":38},"1":{"loc":{"start":{"line":96,"column":9},"end":{"line":96,"column":null}},"type":"binary-expr","locations":[{"start":{"line":96,"column":9},"end":{"line":96,"column":28}},{"start":{"line":96,"column":28},"end":{"line":96,"column":null}}],"line":96},"2":{"loc":{"start":{"line":115,"column":24},"end":{"line":115,"column":null}},"type":"cond-expr","locations":[{"start":{"line":115,"column":44},"end":{"line":115,"column":61}},{"start":{"line":115,"column":61},"end":{"line":115,"column":null}}],"line":115},"3":{"loc":{"start":{"line":116,"column":24},"end":{"line":116,"column":null}},"type":"cond-expr","locations":[{"start":{"line":116,"column":44},"end":{"line":116,"column":57}},{"start":{"line":116,"column":57},"end":{"line":116,"column":null}}],"line":116},"4":{"loc":{"start":{"line":118,"column":2},"end":{"line":120,"column":null}},"type":"if","locations":[{"start":{"line":118,"column":2},"end":{"line":120,"column":null}},{"start":{},"end":{}}],"line":118},"5":{"loc":{"start":{"line":132,"column":6},"end":{"line":132,"column":null}},"type":"cond-expr","locations":[{"start":{"line":132,"column":33},"end":{"line":132,"column":59}},{"start":{"line":132,"column":59},"end":{"line":132,"column":null}}],"line":132},"6":{"loc":{"start":{"line":136,"column":2},"end":{"line":182,"column":null}},"type":"if","locations":[{"start":{"line":136,"column":2},"end":{"line":182,"column":null}},{"start":{"line":153,"column":9},"end":{"line":182,"column":null}}],"line":136},"7":{"loc":{"start":{"line":137,"column":4},"end":{"line":152,"column":null}},"type":"if","locations":[{"start":{"line":137,"column":4},"end":{"line":152,"column":null}},{"start":{},"end":{}}],"line":137},"8":{"loc":{"start":{"line":145,"column":6},"end":{"line":151,"column":null}},"type":"if","locations":[{"start":{"line":145,"column":6},"end":{"line":151,"column":null}},{"start":{},"end":{}}],"line":145},"9":{"loc":{"start":{"line":149,"column":20},"end":{"line":149,"column":null}},"type":"cond-expr","locations":[{"start":{"line":149,"column":40},"end":{"line":149,"column":52}},{"start":{"line":149,"column":52},"end":{"line":149,"column":null}}],"line":149},"10":{"loc":{"start":{"line":160,"column":4},"end":{"line":165,"column":null}},"type":"if","locations":[{"start":{"line":160,"column":4},"end":{"line":165,"column":null}},{"start":{},"end":{}}],"line":160},"11":{"loc":{"start":{"line":171,"column":10},"end":{"line":171,"column":null}},"type":"cond-expr","locations":[{"start":{"line":171,"column":37},"end":{"line":171,"column":60}},{"start":{"line":171,"column":60},"end":{"line":171,"column":null}}],"line":171},"12":{"loc":{"start":{"line":179,"column":23},"end":{"line":179,"column":76}},"type":"cond-expr","locations":[{"start":{"line":179,"column":51},"end":{"line":179,"column":70}},{"start":{"line":179,"column":70},"end":{"line":179,"column":76}}],"line":179},"13":{"loc":{"start":{"line":184,"column":2},"end":{"line":196,"column":null}},"type":"if","locations":[{"start":{"line":184,"column":2},"end":{"line":196,"column":null}},{"start":{"line":190,"column":9},"end":{"line":196,"column":null}}],"line":184},"14":{"loc":{"start":{"line":203,"column":23},"end":{"line":203,"column":null}},"type":"cond-expr","locations":[{"start":{"line":203,"column":40},"end":{"line":203,"column":57}},{"start":{"line":203,"column":57},"end":{"line":203,"column":null}}],"line":203},"15":{"loc":{"start":{"line":205,"column":2},"end":{"line":207,"column":null}},"type":"if","locations":[{"start":{"line":205,"column":2},"end":{"line":207,"column":null}},{"start":{},"end":{}}],"line":205},"16":{"loc":{"start":{"line":211,"column":2},"end":{"line":273,"column":null}},"type":"if","locations":[{"start":{"line":211,"column":2},"end":{"line":273,"column":null}},{"start":{"line":231,"column":9},"end":{"line":273,"column":null}}],"line":211},"17":{"loc":{"start":{"line":229,"column":7},"end":{"line":229,"column":41}},"type":"cond-expr","locations":[{"start":{"line":229,"column":24},"end":{"line":229,"column":36}},{"start":{"line":229,"column":36},"end":{"line":229,"column":41}}],"line":229},"18":{"loc":{"start":{"line":232,"column":28},"end":{"line":232,"column":null}},"type":"cond-expr","locations":[{"start":{"line":232,"column":45},"end":{"line":232,"column":58}},{"start":{"line":232,"column":58},"end":{"line":232,"column":null}}],"line":232},"19":{"loc":{"start":{"line":244,"column":4},"end":{"line":249,"column":null}},"type":"if","locations":[{"start":{"line":244,"column":4},"end":{"line":249,"column":null}},{"start":{},"end":{}}],"line":244},"20":{"loc":{"start":{"line":253,"column":4},"end":{"line":258,"column":null}},"type":"if","locations":[{"start":{"line":253,"column":4},"end":{"line":258,"column":null}},{"start":{},"end":{}}],"line":253},"21":{"loc":{"start":{"line":260,"column":4},"end":{"line":266,"column":null}},"type":"if","locations":[{"start":{"line":260,"column":4},"end":{"line":266,"column":null}},{"start":{},"end":{}}],"line":260},"22":{"loc":{"start":{"line":264,"column":18},"end":{"line":264,"column":null}},"type":"cond-expr","locations":[{"start":{"line":264,"column":35},"end":{"line":264,"column":47}},{"start":{"line":264,"column":47},"end":{"line":264,"column":null}}],"line":264},"23":{"loc":{"start":{"line":270,"column":7},"end":{"line":270,"column":41}},"type":"cond-expr","locations":[{"start":{"line":270,"column":24},"end":{"line":270,"column":36}},{"start":{"line":270,"column":36},"end":{"line":270,"column":41}}],"line":270},"24":{"loc":{"start":{"line":271,"column":7},"end":{"line":271,"column":41}},"type":"cond-expr","locations":[{"start":{"line":271,"column":24},"end":{"line":271,"column":32}},{"start":{"line":271,"column":32},"end":{"line":271,"column":41}}],"line":271},"25":{"loc":{"start":{"line":279,"column":23},"end":{"line":279,"column":null}},"type":"cond-expr","locations":[{"start":{"line":279,"column":57},"end":{"line":279,"column":65}},{"start":{"line":279,"column":65},"end":{"line":279,"column":null}}],"line":279},"26":{"loc":{"start":{"line":281,"column":4},"end":{"line":281,"column":null}},"type":"cond-expr","locations":[{"start":{"line":281,"column":33},"end":{"line":281,"column":58}},{"start":{"line":281,"column":58},"end":{"line":281,"column":null}}],"line":281},"27":{"loc":{"start":{"line":286,"column":2},"end":{"line":310,"column":null}},"type":"if","locations":[{"start":{"line":286,"column":2},"end":{"line":310,"column":null}},{"start":{"line":298,"column":9},"end":{"line":310,"column":null}}],"line":286}},"s":{"0":1,"1":1,"2":1,"3":2,"4":2,"5":1,"6":0,"7":0,"8":0,"9":0,"10":0,"11":1,"12":0,"13":1,"14":1,"15":0,"16":0,"17":0,"18":0,"19":0,"20":0,"21":1,"22":2,"23":2,"24":2,"25":0,"26":0,"27":0,"28":0,"29":0,"30":0,"31":0,"32":0,"33":0,"34":0,"35":0,"36":0,"37":0,"38":0,"39":0,"40":0,"41":0,"42":0,"43":0,"44":0,"45":0,"46":0,"47":0,"48":0,"49":0,"50":0,"51":0,"52":0,"53":0,"54":0,"55":0,"56":0,"57":0,"58":0,"59":0,"60":0,"61":0,"62":0,"63":0,"64":0,"65":0,"66":0,"67":0,"68":0,"69":0,"70":0,"71":0,"72":0,"73":0,"74":0,"75":0,"76":0,"77":0,"78":0,"79":0,"80":0,"81":0,"82":0,"83":0,"84":0,"85":0,"86":0,"87":0,"88":0,"89":0},"f":{"0":1,"1":0,"2":0,"3":1,"4":0,"5":1,"6":2,"7":2,"8":0,"9":0,"10":0,"11":0,"12":0,"13":0,"14":0,"15":0,"16":0,"17":0,"18":0,"19":0},"b":{"0":[0,1],"1":[2,1],"2":[0,0],"3":[0,0],"4":[0,0],"5":[0,0],"6":[0,0],"7":[0,0],"8":[0,0],"9":[0,0],"10":[0,0],"11":[0,0],"12":[0,0],"13":[0,0],"14":[0,0],"15":[0,0],"16":[0,0],"17":[0,0],"18":[0,0],"19":[0,0],"20":[0,0],"21":[0,0],"22":[0,0],"23":[0,0],"24":[0,0],"25":[0,0],"26":[0,0],"27":[0,0]},"meta":{"lastBranch":28,"lastFunction":20,"lastStatement":90,"seen":{"f:5:16:5:33":0,"s:6:29:6:Infinity":0,"s:8:2:14:Infinity":1,"s:8:15:8:46":2,"s:9:14:9:Infinity":3,"s:10:4:13:Infinity":4,"s:16:2:16:Infinity":5,"f:19:16:19:42":1,"s:20:2:20:Infinity":6,"f:23:16:23:77":2,"s:24:29:24:Infinity":7,"s:26:22:28:Infinity":8,"s:30:18:32:Infinity":9,"s:34:2:34:Infinity":10,"f:37:16:37:29":3,"b:38:2:40:Infinity:undefined:undefined:undefined:undefined":0,"s:38:2:40:Infinity":11,"s:39:4:39:Infinity":12,"s:42:20:42:Infinity":13,"s:44:2:48:Infinity":14,"f:51:16:51:Infinity":4,"s:54:35:54:Infinity":15,"s:56:28:56:Infinity":16,"s:57:24:57:Infinity":17,"s:59:26:68:Infinity":18,"s:70:22:79:Infinity":19,"s:81:2:88:Infinity":20,"f:91:16:91:31":5,"s:92:2:92:Infinity":21,"f:95:16:95:27":6,"s:96:2:96:Infinity":22,"b:96:9:96:28:96:28:96:Infinity":1,"f:99:16:99:28":7,"s:100:26:100:Infinity":23,"s:102:2:105:Infinity":24,"f:108:16:108:Infinity":8,"s:113:28:113:Infinity":25,"s:115:24:115:Infinity":26,"b:115:44:115:61:115:61:115:Infinity":2,"s:116:24:116:Infinity":27,"b:116:44:116:57:116:57:116:Infinity":3,"b:118:2:120:Infinity:undefined:undefined:undefined:undefined":4,"s:118:2:120:Infinity":28,"s:119:4:119:Infinity":29,"s:122:30:122:Infinity":30,"s:124:40:127:Infinity":31,"s:129:2:134:Infinity":32,"f:131:49:131:Infinity":9,"s:132:6:132:Infinity":33,"b:132:33:132:59:132:59:132:Infinity":5,"b:136:2:182:Infinity:153:9:182:Infinity":6,"s:136:2:182:Infinity":34,"b:137:4:152:Infinity:undefined:undefined:undefined:undefined":7,"s:137:4:152:Infinity":35,"s:138:23:138:Infinity":36,"s:140:6:143:Infinity":37,"b:145:6:151:Infinity:undefined:undefined:undefined:undefined":8,"s:145:6:151:Infinity":38,"s:146:8:150:Infinity":39,"b:149:40:149:52:149:52:149:Infinity":9,"s:154:22:154:Infinity":40,"s:156:29:156:Infinity":41,"s:158:31:158:Infinity":42,"b:160:4:165:Infinity:undefined:undefined:undefined:undefined":10,"s:160:4:165:Infinity":43,"s:161:6:164:Infinity":44,"s:167:4:174:Infinity":45,"f:170:13:170:Infinity":10,"s:171:10:171:Infinity":46,"b:171:37:171:60:171:60:171:Infinity":11,"f:173:16:173:25":11,"s:173:25:173:46":47,"s:176:4:181:Infinity":48,"f:179:13:179:23":12,"s:179:23:179:76":49,"b:179:51:179:70:179:70:179:76":12,"f:180:16:180:25":13,"s:180:25:180:46":50,"b:184:2:196:Infinity:190:9:196:Infinity":13,"s:184:2:196:Infinity":51,"s:185:4:189:Infinity":52,"s:191:4:195:Infinity":53,"s:198:2:198:Infinity":54,"f:201:16:201:27":14,"s:202:25:202:Infinity":55,"s:203:23:203:Infinity":56,"b:203:40:203:57:203:57:203:Infinity":14,"b:205:2:207:Infinity:undefined:undefined:undefined:undefined":15,"s:205:2:207:Infinity":57,"s:206:4:206:Infinity":58,"s:209:30:209:Infinity":59,"b:211:2:273:Infinity:231:9:273:Infinity":16,"s:211:2:273:Infinity":60,"s:212:33:212:Infinity":61,"s:214:32:225:Infinity":62,"f:217:47:217:52":15,"s:217:52:217:69":63,"s:227:4:230:Infinity":64,"b:229:24:229:36:229:36:229:41":17,"s:232:28:232:Infinity":65,"b:232:45:232:58:232:58:232:Infinity":18,"s:234:37:238:Infinity":66,"f:237:47:237:52":16,"s:237:52:237:69":67,"s:240:38:242:Infinity":68,"b:244:4:249:Infinity:undefined:undefined:undefined:undefined":19,"s:244:4:249:Infinity":69,"s:245:6:248:Infinity":70,"s:251:32:251:Infinity":71,"b:253:4:258:Infinity:undefined:undefined:undefined:undefined":20,"s:253:4:258:Infinity":72,"s:254:6:257:Infinity":73,"b:260:4:266:Infinity:undefined:undefined:undefined:undefined":21,"s:260:4:266:Infinity":74,"s:261:6:265:Infinity":75,"b:264:35:264:47:264:47:264:Infinity":22,"s:268:4:272:Infinity":76,"b:270:24:270:36:270:36:270:41":23,"b:271:24:271:32:271:32:271:41":24,"s:275:2:275:Infinity":77,"f:278:16:278:28":17,"s:279:23:279:Infinity":78,"b:279:57:279:65:279:65:279:Infinity":25,"s:281:4:281:Infinity":79,"b:281:33:281:58:281:58:281:Infinity":26,"s:283:20:283:Infinity":80,"s:284:16:284:Infinity":81,"b:286:2:310:Infinity:298:9:310:Infinity":27,"s:286:2:310:Infinity":82,"s:287:27:287:Infinity":83,"s:289:4:297:Infinity":84,"f:293:50:293:60":18,"s:293:60:296:8":85,"s:299:27:299:Infinity":86,"s:301:4:309:Infinity":87,"f:305:46:305:56":19,"s:305:56:308:8":88,"s:312:2:320:Infinity":89}}}
}
